<?xml version="1.0" encoding="UTF-8"?>
<testng-results ignored="0" total="4" passed="4" failed="0" skipped="0">
  <reporter-output>
  </reporter-output>
  <suite started-at="2025-03-01T13:50:32 IST" name="Suite" finished-at="2025-03-01T13:52:29 IST" duration-ms="117013">
    <groups>
    </groups>
    <test started-at="2025-03-01T13:50:32 IST" name="Login Test" finished-at="2025-03-01T13:50:49 IST" duration-ms="17618">
      <class name="testCases.LoginTest">
        <test-method is-config="true" signature="setup()[pri:0, instance:testCases.LoginTest@22fcf7ab]" started-at="2025-03-01T13:50:32 IST" name="setup" finished-at="2025-03-01T13:50:42 IST" duration-ms="10053" status="PASS">
          <reporter-output>
          </reporter-output>
        </test-method> <!-- setup -->
        <test-method signature="testvalidLogin()[pri:1, instance:testCases.LoginTest@22fcf7ab]" started-at="2025-03-01T13:50:42 IST" name="testvalidLogin" finished-at="2025-03-01T13:50:49 IST" duration-ms="6762" status="PASS">
          <reporter-output>
          </reporter-output>
        </test-method> <!-- testvalidLogin -->
        <test-method is-config="true" signature="tearDown()[pri:0, instance:testCases.LoginTest@22fcf7ab]" started-at="2025-03-01T13:50:49 IST" name="tearDown" finished-at="2025-03-01T13:50:49 IST" duration-ms="647" status="PASS">
          <reporter-output>
          </reporter-output>
        </test-method> <!-- tearDown -->
      </class> <!-- testCases.LoginTest -->
    </test> <!-- Login Test -->
    <test started-at="2025-03-01T13:50:49 IST" name="Job Search Test" finished-at="2025-03-01T13:51:12 IST" duration-ms="22273">
      <class name="testCases.JobSearchTest">
        <test-method is-config="true" signature="setup()[pri:0, instance:testCases.JobSearchTest@d21a74c]" started-at="2025-03-01T13:50:49 IST" name="setup" finished-at="2025-03-01T13:50:57 IST" duration-ms="7768" status="PASS">
          <reporter-output>
          </reporter-output>
        </test-method> <!-- setup -->
        <test-method signature="testJobSearch()[pri:2, instance:testCases.JobSearchTest@d21a74c]" started-at="2025-03-01T13:50:57 IST" name="testJobSearch" finished-at="2025-03-01T13:51:11 IST" duration-ms="13417" status="PASS">
          <reporter-output>
          </reporter-output>
        </test-method> <!-- testJobSearch -->
        <test-method is-config="true" signature="tearDown()[pri:0, instance:testCases.JobSearchTest@d21a74c]" started-at="2025-03-01T13:51:11 IST" name="tearDown" finished-at="2025-03-01T13:51:12 IST" duration-ms="958" status="PASS">
          <reporter-output>
          </reporter-output>
        </test-method> <!-- tearDown -->
      </class> <!-- testCases.JobSearchTest -->
    </test> <!-- Job Search Test -->
    <test started-at="2025-03-01T13:51:12 IST" name="Job Apply Test" finished-at="2025-03-01T13:51:57 IST" duration-ms="45249">
      <class name="testCases.JobApplyTest">
        <test-method is-config="true" signature="setup()[pri:0, instance:testCases.JobApplyTest@2638011]" started-at="2025-03-01T13:51:12 IST" name="setup" finished-at="2025-03-01T13:51:21 IST" duration-ms="9098" status="PASS">
          <reporter-output>
          </reporter-output>
        </test-method> <!-- setup -->
        <test-method signature="testJobApply()[pri:0, instance:testCases.JobApplyTest@2638011]" started-at="2025-03-01T13:51:21 IST" name="testJobApply" finished-at="2025-03-01T13:51:56 IST" duration-ms="35410" status="PASS">
          <reporter-output>
          </reporter-output>
        </test-method> <!-- testJobApply -->
        <test-method is-config="true" signature="tearDown()[pri:0, instance:testCases.JobApplyTest@2638011]" started-at="2025-03-01T13:51:56 IST" name="tearDown" finished-at="2025-03-01T13:51:57 IST" duration-ms="734" status="PASS">
          <reporter-output>
          </reporter-output>
        </test-method> <!-- tearDown -->
      </class> <!-- testCases.JobApplyTest -->
    </test> <!-- Job Apply Test -->
    <test started-at="2025-03-01T13:51:57 IST" name="Profile Elements navigation Test" finished-at="2025-03-01T13:52:29 IST" duration-ms="31703">
      <class name="testCases.ProfileTest">
        <test-method is-config="true" signature="setup()[pri:0, instance:testCases.ProfileTest@623a8092]" started-at="2025-03-01T13:51:57 IST" name="setup" finished-at="2025-03-01T13:52:04 IST" duration-ms="7578" status="PASS">
          <reporter-output>
          </reporter-output>
        </test-method> <!-- setup -->
        <test-method signature="testNaukriNavigation()[pri:0, instance:testCases.ProfileTest@623a8092]" started-at="2025-03-01T13:52:04 IST" name="testNaukriNavigation" finished-at="2025-03-01T13:52:28 IST" duration-ms="23414" status="PASS">
          <reporter-output>
          </reporter-output>
        </test-method> <!-- testNaukriNavigation -->
        <test-method is-config="true" signature="tearDown()[pri:0, instance:testCases.ProfileTest@623a8092]" started-at="2025-03-01T13:52:28 IST" name="tearDown" finished-at="2025-03-01T13:52:29 IST" duration-ms="711" status="PASS">
          <reporter-output>
          </reporter-output>
        </test-method> <!-- tearDown -->
      </class> <!-- testCases.ProfileTest -->
    </test> <!-- Profile Elements navigation Test -->
  </suite> <!-- Suite -->
</testng-results>
