<?xml version="1.0" encoding="UTF-8"?>
<testng-results ignored="0" total="1" passed="1" failed="0" skipped="0">
  <reporter-output>
  </reporter-output>
  <suite started-at="2025-03-03T14:53:50 IST" name="Suite" finished-at="2025-03-03T14:54:53 IST" duration-ms="62495">
    <groups>
    </groups>
    <test started-at="2025-03-03T14:53:50 IST" name="End-to-End Job Search Test" finished-at="2025-03-03T14:54:53 IST" duration-ms="62495">
      <class name="regressionTests.E2EjobSeachTest">
        <test-method is-config="true" signature="setup()[pri:0, instance:regressionTests.E2EjobSeachTest@22fcf7ab]" started-at="2025-03-03T14:53:50 IST" name="setup" finished-at="2025-03-03T14:54:03 IST" duration-ms="12280" status="PASS">
          <reporter-output>
          </reporter-output>
        </test-method> <!-- setup -->
        <test-method signature="jobSearchE2E()[pri:0, instance:regressionTests.E2EjobSeachTest@22fcf7ab]" started-at="2025-03-03T14:54:03 IST" name="jobSearchE2E" finished-at="2025-03-03T14:54:52 IST" duration-ms="49206" status="PASS">
          <reporter-output>
          </reporter-output>
        </test-method> <!-- jobSearchE2E -->
        <test-method is-config="true" signature="tearDown()[pri:0, instance:regressionTests.E2EjobSeachTest@22fcf7ab]" started-at="2025-03-03T14:54:52 IST" name="tearDown" finished-at="2025-03-03T14:54:53 IST" duration-ms="897" status="PASS">
          <reporter-output>
          </reporter-output>
        </test-method> <!-- tearDown -->
      </class> <!-- regressionTests.E2EjobSeachTest -->
    </test> <!-- End-to-End Job Search Test -->
  </suite> <!-- Suite -->
</testng-results>
